<?xml version="1.0" encoding="UTF-8"?>
<!-- Generated by org.testng.reporters.JUnitReportReporter -->
<testsuite hostname="LAPTOP-INC04KK1" name="org.demo.FileAppender" tests="3" failures="0" timestamp="15 Apr 2024 09:27:04 GMT" time="35.702" errors="0">
  <testcase name="TestLogin" time="10.660" classname="org.demo.FileAppender"/>
  <testcase name="TestLogin" time="14.013" classname="org.demo.FileAppender"/>
  <testcase name="TestLogin" time="11.029" classname="org.demo.FileAppender"/>
</testsuite> <!-- org.demo.FileAppender -->
