<?xml version="1.0" encoding="UTF-8"?>
<!-- Generated by org.testng.reporters.JUnitReportReporter -->
<testsuite hostname="LAPTOP-INC04KK1" name="org.demo.ExcelData1" tests="3" failures="0" timestamp="5 Apr 2024 06:08:55 GMT" time="37.947" errors="0">
  <testcase name="TestLogin" time="10.612" classname="org.demo.ExcelData1"/>
  <testcase name="TestLogin" time="16.790" classname="org.demo.ExcelData1"/>
  <testcase name="TestLogin" time="10.545" classname="org.demo.ExcelData1"/>
</testsuite> <!-- org.demo.ExcelData1 -->
