<?xml version="1.0" encoding="UTF-8"?>
<!-- Generated by org.testng.reporters.JUnitReportReporter -->
<testsuite hostname="LAPTOP-INC04KK1" name="org.demo.Logins" tests="3" failures="0" timestamp="5 Apr 2024 08:36:20 GMT" time="20.052" errors="0">
  <testcase name="verifyLoginCredentials" time="5.524" classname="org.demo.Logins"/>
  <testcase name="verifyLoginCredentials" time="8.926" classname="org.demo.Logins"/>
  <testcase name="verifyLoginCredentials" time="5.602" classname="org.demo.Logins"/>
</testsuite> <!-- org.demo.Logins -->
